
> auth@0.1.0 build /home/data/Projects/MeaningSphere/git-branching-ci-cd-temp/msinfraops-dev-apps/code/apps/auth
> next build

  [1m[38;2;173;127;168m▲ Next.js 14.2.35[39m[22m

[?25l [37m[1m [22m[39m Linting and checking validity of types  [36m.[39m[2K[1G [37m[1m [22m[39m Linting and checking validity of types  [36m..[39m[2K[1G [37m[1m [22m[39m Linting and checking validity of types  [36m...[39m[2K[1G [37m[1m [22m[39m Linting and checking validity of types  [36m.[39m[2K[1G [37m[1m [22m[39m Linting and checking validity of types  [36m..[39m[2K[1G [37m[1m [22m[39m Linting and checking validity of types  [36m...[39m[2K[1G [37m[1m [22m[39m Linting and checking validity of types  [36m.[39m[2K[1G[?25h [37m[1m [22m[39m Linting and checking validity of types     [32m[1m✓[22m[39m Linting and checking validity of types 
 [37m[1m [22m[39m Creating an optimized production build ...
 [32m[1m✓[22m[39m Compiled successfully
[?25l [37m[1m [22m[39m Collecting page data  [36m.[39m[2K[1G[?25h [37m[1m [22m[39m Collecting page data     [32m[1m✓[22m[39m Collecting page data 
[?25l [37m[1m [22m[39m Generating static pages (0/3)  [36m[    ][39m[2K[1G[?25h [32m[1m✓[22m[39m Generating static pages (3/3)
[?25l [37m[1m [22m[39m Finalizing page optimization  [36m.[39m[?25l [37m[1m [22m[39m Collecting build traces  [36m.[39m[2K[1G [37m[1m [22m[39m Finalizing page optimization  [36m..[39m[2K[1G [37m[1m [22m[39m Collecting build traces  [36m..[39m[2K[1G [37m[1m [22m[39m Finalizing page optimization  [36m...[39m[2K[1G [37m[1m [22m[39m Collecting build traces  [36m...[39m[2K[1G [37m[1m [22m[39m Finalizing page optimization  [36m.[39m[2K[1G [37m[1m [22m[39m Collecting build traces  [36m.[39m[2K[1G [37m[1m [22m[39m Finalizing page optimization  [36m..[39m[2K[1G [37m[1m [22m[39m Collecting build traces  [36m..[39m[2K[1G [37m[1m [22m[39m Finalizing page optimization  [36m...[39m[2K[1G [37m[1m [22m[39m Collecting build traces  [36m...[39m[2K[1G [37m[1m [22m[39m Finalizing page optimization  [36m.[39m[2K[1G [37m[1m [22m[39m Collecting build traces  [36m.[39m[2K[1G [37m[1m [22m[39m Finalizing page optimization  [36m..[39m[2K[1G [37m[1m [22m[39m Collecting build traces  [36m..[39m[2K[1G [37m[1m [22m[39m Finalizing page optimization  [36m...[39m[2K[1G [37m[1m [22m[39m Collecting build traces  [36m...[39m[2K[1G [37m[1m [22m[39m Finalizing page optimization  [36m.[39m[2K[1G [37m[1m [22m[39m Collecting build traces  [36m.[39m[2K[1G [37m[1m [22m[39m Finalizing page optimization  [36m..[39m[2K[1G [37m[1m [22m[39m Collecting build traces  [36m..[39m[2K[1G[?25h [37m[1m [22m[39m Collecting build traces     [32m[1m✓[22m[39m Collecting build traces 
[2K[1G [37m[1m [22m[39m Finalizing page optimization  [36m...[39m[2K[1G[?25h [33m[1m⚠[22m[39m [33mStatically exporting a Next.js application via `next export` disables API routes and middleware.[39m
[33mThis command is meant for static-only hosts, and is [1mnot necessary to make your application static.[22m[39m
[33mPages in your application without server-side data dependencies will be automatically statically exported by `next build`, including pages powered by `getStaticProps`.[39m
[33mLearn more: https://nextjs.org/docs/messages/api-routes-static-export[39m
[?25l [37m[1m [22m[39m Finalizing page optimization  [36m.[39m[2K[1G [37m[1m [22m[39m Finalizing page optimization  [36m..[39m[2K[1G[?25h [37m[1m [22m[39m Finalizing page optimization     [32m[1m✓[22m[39m Finalizing page optimization 

[4mRoute (pages)[24m                             [4mSize[24m     [4mFirst Load JS[24m
┌ ○ /                                     4.97 kB        [37m[1m84.9 kB[22m[39m
├   └ css/39583da2043c5039.css            1.18 kB
├   /_app                                 0 B              [37m[1m80 kB[22m[39m
├ ○ /404                                  181 B          [37m[1m80.1 kB[22m[39m
└ ƒ /api/hello                            0 B              [37m[1m80 kB[22m[39m
+ First Load JS shared by all             [37m[1m80.2 kB[22m[39m
  ├ chunks/framework-e0f347a11a70369e.js  44.8 kB
  ├ chunks/main-1530ae95c87d3bce.js       34.1 kB
  └ other shared chunks (total)           1.33 kB

○  (Static)   prerendered as static content
ƒ  (Dynamic)  server-rendered on demand

[?25h
